23:25:41 INFO  : Launching XSCT server: xsct.bat -n  -interactive C:\Users\jose_\OneDrive\Ingenieria\Embedded\FPGA\Vivado\MiniProject\Software\temp_xsdb_launch_script.tcl
23:25:43 INFO  : XSCT server has started successfully.
23:25:43 INFO  : Successfully done setting XSCT server connection channel  
23:25:43 INFO  : plnx-install-location is set to ''
23:25:43 INFO  : Successfully done query RDI_DATADIR 
23:25:43 INFO  : Successfully done setting workspace for the tool. 
23:25:44 INFO  : Registering command handlers for Vitis TCF services
00:02:49 INFO  : Successfully done sdx_reload_mss "C:/Users/jose_/OneDrive/Ingenieria/Embedded/FPGA/Vivado/MiniProject/Software/microblaze/microblaze_I/standalone_domain/bsp/system.mss"
00:05:52 INFO  : (SwPlatform) Successfully done update_mss 
00:05:52 INFO  : No changes in MSS file content so sources will not be generated.
00:06:49 INFO  : Checking for BSP changes to sync application flags for project 'hw_app'...
01:10:59 INFO  : Checking for BSP changes to sync application flags for project 'hw_app'...
01:11:25 INFO  : Launching XSCT server: xsct.bat -n  -interactive C:\Users\jose_\OneDrive\Ingenieria\Embedded\FPGA\Vivado\MiniProject\Software\temp_xsdb_launch_script.tcl
01:11:27 INFO  : XSCT server has started successfully.
01:11:27 INFO  : Successfully done setting XSCT server connection channel  
01:11:27 INFO  : plnx-install-location is set to ''
01:11:27 INFO  : Successfully done setting workspace for the tool. 
01:11:29 INFO  : Registering command handlers for Vitis TCF services
01:11:29 INFO  : Successfully done query RDI_DATADIR 
01:15:50 INFO  : Checking for BSP changes to sync application flags for project 'hw_app'...
01:16:01 INFO  : Checking for BSP changes to sync application flags for project 'hw_app'...
01:18:56 INFO  : Successfully done sdx_reload_mss "C:/Users/jose_/OneDrive/Ingenieria/Embedded/FPGA/Vivado/MiniProject/Software/microblaze/microblaze_I/standalone_domain/bsp/system.mss"
23:30:41 INFO  : Checking for BSP changes to sync application flags for project 'hw_app'...
23:30:56 INFO  : Checking for BSP changes to sync application flags for project 'hw_app'...
23:31:48 INFO  : Checking for BSP changes to sync application flags for project 'hw_app'...
23:32:14 INFO  : Checking for BSP changes to sync application flags for project 'hw_app'...
23:32:32 INFO  : Checking for BSP changes to sync application flags for project 'hw_app'...
23:33:38 INFO  : Checking for BSP changes to sync application flags for project 'hw_app'...
23:38:12 INFO  : Checking for BSP changes to sync application flags for project 'hw_app'...
23:43:22 INFO  : Checking for BSP changes to sync application flags for project 'hw_app'...
23:43:37 INFO  : Checking for BSP changes to sync application flags for project 'hw_app'...
23:52:07 INFO  : Checking for BSP changes to sync application flags for project 'hw_app'...
23:55:39 INFO  : Checking for BSP changes to sync application flags for project 'hw_app'...
23:57:56 INFO  : Checking for BSP changes to sync application flags for project 'hw_app'...
00:01:32 INFO  : Checking for BSP changes to sync application flags for project 'hw_app'...
00:09:32 INFO  : Checking for BSP changes to sync application flags for project 'hw_app'...
00:36:46 INFO  : Checking for BSP changes to sync application flags for project 'hw_app'...
00:36:50 INFO  : Checking for BSP changes to sync application flags for project 'hw_app'...
00:59:39 INFO  : Successfully done sdx_reload_mss "C:/Users/jose_/OneDrive/Ingenieria/Embedded/FPGA/Vivado/MiniProject/Software/microblaze/microblaze_I/standalone_domain/bsp/system.mss"
00:59:39 INFO  : No changes in MSS file content so sources will not be generated.
01:12:23 INFO  : Launching XSCT server: xsct.bat -n  -interactive C:\Users\jose_\OneDrive\Ingenieria\Embedded\FPGA\Vivado\MiniProject\Software\temp_xsdb_launch_script.tcl
01:12:25 INFO  : XSCT server has started successfully.
01:12:25 INFO  : Successfully done setting XSCT server connection channel  
01:12:25 INFO  : plnx-install-location is set to ''
01:12:25 ERROR : (XSDB Server)ERROR: [HDF 64-5] File not found - C:/Users/jose_/OneDrive/Ingenieria/Embedded/FPGA/Vivado/MiniProject/Software/microblaze/export/microblaze/hw/top.xsa

01:12:25 ERROR : (XSDB Server)ERROR: [Hsi 55-1451] Error: running open_hw_design.

01:12:26 ERROR : Failed to openhw "C:/Users/jose_/OneDrive/Ingenieria/Embedded/FPGA/Vivado/MiniProject/Software/microblaze/export/microblaze/hw/top.xsa"
Reason: ERROR: [Common 17-39] 'hsi::open_hw_design' failed due to earlier errors.

01:12:26 INFO  : Successfully done setting workspace for the tool. 
01:12:26 ERROR : (XSDB Server)ERROR: [HDF 64-5] File not found - C:/Users/jose_/OneDrive/Ingenieria/Embedded/FPGA/Vivado/MiniProject/Software/microblaze/export/microblaze/hw/top.xsa

01:12:26 ERROR : (XSDB Server)ERROR: [Hsi 55-1451] Error: running open_hw_design.

01:12:26 ERROR : Failed to openhw "C:/Users/jose_/OneDrive/Ingenieria/Embedded/FPGA/Vivado/MiniProject/Software/microblaze/export/microblaze/hw/top.xsa"
Reason: ERROR: [Common 17-39] 'hsi::open_hw_design' failed due to earlier errors.

01:12:27 INFO  : Registering command handlers for Vitis TCF services
01:12:30 INFO  : Successfully done query RDI_DATADIR 
01:12:50 INFO  : Checking for BSP changes to sync application flags for project 'hw_app'...
01:12:52 INFO  : The hardware specfication used by project 'hw_app' is out of sync with the platform. Resource files extracted from the hardware specfiication will be updated.
01:12:52 INFO  : The updated bitstream files are copied from platform to folder 'C:\Users\jose_\OneDrive\Ingenieria\Embedded\FPGA\Vivado\MiniProject\Software\hw_app\_ide\bitstream' in project 'hw_app'.
18:38:19 INFO  : Checking for BSP changes to sync application flags for project 'hw_app'...
18:38:42 INFO  : Checking for BSP changes to sync application flags for project 'hw_app'...
18:42:23 INFO  : Checking for BSP changes to sync application flags for project 'hw_app'...
18:48:14 INFO  : Checking for BSP changes to sync application flags for project 'hw_app'...
18:55:28 INFO  : Successfully done sdx_reload_mss "C:/Users/jose_/OneDrive/Ingenieria/Embedded/FPGA/Vivado/MiniProject/Software/microblaze/microblaze_I/standalone_domain/bsp/system.mss"
18:55:41 INFO  : Successfully done sdx_reload_mss "C:/Users/jose_/OneDrive/Ingenieria/Embedded/FPGA/Vivado/MiniProject/Software/microblaze/microblaze_I/standalone_domain/bsp/system.mss"
18:55:41 INFO  : No changes in MSS file content so sources will not be generated.
21:57:45 INFO  : Checking for BSP changes to sync application flags for project 'hw_app'...
21:58:13 INFO  : Checking for BSP changes to sync application flags for project 'hw_app'...
21:58:27 INFO  : Checking for BSP changes to sync application flags for project 'hw_app'...
22:02:51 INFO  : Checking for BSP changes to sync application flags for project 'hw_app'...
22:03:18 INFO  : Checking for BSP changes to sync application flags for project 'hw_app'...
22:03:25 INFO  : Checking for BSP changes to sync application flags for project 'hw_app'...
22:03:52 INFO  : Checking for BSP changes to sync application flags for project 'hw_app'...
22:04:08 INFO  : Checking for BSP changes to sync application flags for project 'hw_app'...
22:04:31 INFO  : Checking for BSP changes to sync application flags for project 'hw_app'...
22:04:40 INFO  : Checking for BSP changes to sync application flags for project 'hw_app'...
22:05:02 INFO  : Checking for BSP changes to sync application flags for project 'hw_app'...
22:05:48 INFO  : Checking for BSP changes to sync application flags for project 'hw_app'...
23:20:17 INFO  : Checking for BSP changes to sync application flags for project 'hw_app'...
23:20:32 INFO  : Checking for BSP changes to sync application flags for project 'hw_app'...
23:23:40 INFO  : Checking for BSP changes to sync application flags for project 'hw_app'...
23:43:40 INFO  : Checking for BSP changes to sync application flags for project 'hw_app'...
23:45:34 INFO  : Checking for BSP changes to sync application flags for project 'hw_app'...
23:45:43 INFO  : Checking for BSP changes to sync application flags for project 'hw_app'...
23:47:38 INFO  : Checking for BSP changes to sync application flags for project 'hw_app'...
23:58:27 INFO  : Checking for BSP changes to sync application flags for project 'hw_app'...
00:01:46 INFO  : Checking for BSP changes to sync application flags for project 'hw_app'...
00:33:47 INFO  : Checking for BSP changes to sync application flags for project 'hw_app'...
00:42:33 INFO  : Checking for BSP changes to sync application flags for project 'hw_app'...
00:42:47 INFO  : Checking for BSP changes to sync application flags for project 'hw_app'...
00:44:47 INFO  : Checking for BSP changes to sync application flags for project 'hw_app'...
00:52:43 INFO  : Checking for BSP changes to sync application flags for project 'hw_app'...
00:53:00 INFO  : Checking for BSP changes to sync application flags for project 'hw_app'...
00:53:07 INFO  : Checking for BSP changes to sync application flags for project 'hw_app'...
00:59:00 INFO  : Checking for BSP changes to sync application flags for project 'hw_app'...
02:05:23 INFO  : Checking for BSP changes to sync application flags for project 'hw_app'...
02:10:31 INFO  : Checking for BSP changes to sync application flags for project 'hw_app'...
18:56:53 INFO  : Checking for BSP changes to sync application flags for project 'hw_app'...
18:57:09 INFO  : Checking for BSP changes to sync application flags for project 'hw_app'...
18:57:19 INFO  : Checking for BSP changes to sync application flags for project 'hw_app'...
19:20:43 INFO  : Checking for BSP changes to sync application flags for project 'hw_app'...
19:25:23 INFO  : Checking for BSP changes to sync application flags for project 'hw_app'...
19:27:16 INFO  : Checking for BSP changes to sync application flags for project 'hw_app'...
21:04:31 INFO  : Launching XSCT server: xsct.bat -n  -interactive C:\Users\jose_\OneDrive\Ingenieria\Embedded\FPGA\Vivado\MiniProject\Software\temp_xsdb_launch_script.tcl
21:04:34 INFO  : XSCT server has started successfully.
21:04:34 INFO  : Successfully done setting XSCT server connection channel  
21:04:34 INFO  : plnx-install-location is set to ''
21:04:34 INFO  : Successfully done setting workspace for the tool. 
21:04:35 INFO  : Registering command handlers for Vitis TCF services
21:04:38 INFO  : Successfully done query RDI_DATADIR 
21:06:26 INFO  : Checking for BSP changes to sync application flags for project 'hw_app'...
21:06:45 INFO  : Checking for BSP changes to sync application flags for project 'hw_app'...
21:07:40 INFO  : Checking for BSP changes to sync application flags for project 'hw_app'...
21:28:42 INFO  : Checking for BSP changes to sync application flags for project 'hw_app'...
21:28:52 INFO  : Checking for BSP changes to sync application flags for project 'hw_app'...
21:29:02 INFO  : Checking for BSP changes to sync application flags for project 'hw_app'...
22:51:48 INFO  : Checking for BSP changes to sync application flags for project 'hw_app'...
22:51:51 INFO  : Checking for BSP changes to sync application flags for project 'hw_app'...
22:52:06 INFO  : Checking for BSP changes to sync application flags for project 'hw_app'...
22:57:17 INFO  : Checking for BSP changes to sync application flags for project 'hw_app'...
23:58:15 INFO  : Checking for BSP changes to sync application flags for project 'hw_app'...
23:58:18 INFO  : Checking for BSP changes to sync application flags for project 'hw_app'...
23:59:17 INFO  : Checking for BSP changes to sync application flags for project 'hw_app'...
00:00:04 INFO  : Checking for BSP changes to sync application flags for project 'hw_app'...
00:00:48 INFO  : Checking for BSP changes to sync application flags for project 'hw_app'...
00:01:05 INFO  : Checking for BSP changes to sync application flags for project 'hw_app'...
00:06:37 INFO  : Checking for BSP changes to sync application flags for project 'hw_app'...
00:07:02 INFO  : Checking for BSP changes to sync application flags for project 'hw_app'...
00:10:47 INFO  : Checking for BSP changes to sync application flags for project 'hw_app'...
18:05:30 INFO  : Checking for BSP changes to sync application flags for project 'hw_app'...
