Copyright 1986-2019 Xilinx, Inc. All Rights Reserved.
--------------------------------------------------------------------------------------
| Tool Version : Vivado v.2019.2.1 (win64) Build 2729669 Thu Dec  5 04:49:17 MST 2019
| Date         : Mon Apr 27 18:46:47 2020
| Host         : DELLXPS-JA running 64-bit major release  (build 9200)
| Command      : report_control_sets -verbose -file top_control_sets_placed.rpt
| Design       : top
| Device       : xc7a100t
--------------------------------------------------------------------------------------

Control Set Information

Table of Contents
-----------------
1. Summary
2. Histogram
3. Flip-Flop Distribution
4. Detailed Control Set Information

1. Summary
----------

+----------------------------------------------------------+-------+
|                          Status                          | Count |
+----------------------------------------------------------+-------+
| Total control sets                                       |   220 |
|    Minimum number of control sets                        |   220 |
|    Addition due to synthesis replication                 |     0 |
|    Addition due to physical synthesis replication        |     0 |
| Unused register locations in slices containing registers |   641 |
+----------------------------------------------------------+-------+
* Control sets can be merged at opt_design using control_set_merge or merge_equivalent_drivers
** Run report_qor_suggestions for automated merging and remapping suggestions


2. Histogram
------------

+--------------------+-------+
|       Fanout       | Count |
+--------------------+-------+
| Total control sets |   220 |
| >= 0 to < 4        |    17 |
| >= 4 to < 6        |     6 |
| >= 6 to < 8        |     2 |
| >= 8 to < 10       |    12 |
| >= 10 to < 12      |    18 |
| >= 12 to < 14      |    56 |
| >= 14 to < 16      |    66 |
| >= 16              |    43 |
+--------------------+-------+
* Control sets can be remapped at either synth_design or opt_design


3. Flip-Flop Distribution
-------------------------

+--------------+-----------------------+------------------------+-----------------+--------------+
| Clock Enable | Synchronous Set/Reset | Asynchronous Set/Reset | Total Registers | Total Slices |
+--------------+-----------------------+------------------------+-----------------+--------------+
| No           | No                    | No                     |            1304 |          404 |
| No           | No                    | Yes                    |             915 |          286 |
| No           | Yes                   | No                     |              69 |           27 |
| Yes          | No                    | No                     |            1589 |          529 |
| Yes          | No                    | Yes                    |               0 |            0 |
| Yes          | Yes                   | No                     |             210 |           78 |
+--------------+-----------------------+------------------------+-----------------+--------------+


4. Detailed Control Set Information
-----------------------------------

+----------------+------------------------------------------------------------------------------------------------------------------------------------------------------------+-----------------------------------------------------------------------------------------------------------------------------------------------+------------------+----------------+
|  Clock Signal  |                                                                        Enable Signal                                                                       |                                                                Set/Reset Signal                                                               | Slice Load Count | Bel Load Count |
+----------------+------------------------------------------------------------------------------------------------------------------------------------------------------------+-----------------------------------------------------------------------------------------------------------------------------------------------+------------------+----------------+
|  clk_IBUF_BUFG | MB/U0/iomodule_0/U0/IOModule_Core_I1/Using_UART.No_Dynamic_BaudRate.UART_FIT_I/Implement_FIT.Using_SRL16s.SRL16s[2].Divide_I/Out1                          |                                                                                                                                               |                1 |              1 |
|  clk_IBUF_BUFG |                                                                                                                                                            | MB/U0/microblaze_I/U0/MicroBlaze_Core_I/Area.Core/Decode_I/exception_kind[0]                                                                  |                1 |              1 |
|  clk_IBUF_BUFG | MB/U0/iomodule_0/U0/IOModule_Core_I1/Using_UART.No_Dynamic_BaudRate.UART_FIT_I/Implement_FIT.Using_SRL16s.SRL16s[2].Divide_I/en_16x_baud                   | MB/U0/iomodule_0/U0/IOModule_Core_I1/Using_UART_TX.UART_TX_I1/TMR_No.FDRE_I/tx_Data_Enable                                                    |                1 |              1 |
|  clk_IBUF_BUFG |                                                                                                                                                            | MB/U0/iomodule_0/U0/IOModule_Core_I1/intr_ctrl_I1/cipr_rd_dff_all[7].fdr_i/Using_FPGA.Native_i_1__10_n_0                                      |                1 |              1 |
|  clk_IBUF_BUFG | MB/U0/iomodule_0/U0/IOModule_Core_I1/Using_UART.No_Dynamic_BaudRate.UART_FIT_I/Implement_FIT.Using_SRL16s.SRL16s[1].Divide_I/One_SRL16.SRL16E_I/Clk_En_I_1 |                                                                                                                                               |                1 |              1 |
|  clk_IBUF_BUFG | MB/U0/microblaze_I/U0/MicroBlaze_Core_I/Area.Core/Decode_I/Using_FPGA.of_PipeRun_MuxCY_1/mul_Executing_reg                                                 | MB/U0/microblaze_I/U0/MicroBlaze_Core_I/Area.Core/Decode_I/Using_FPGA.of_PipeRun_MuxCY_1/Use_Async_Reset.sync_reset_reg                       |                1 |              1 |
|  clk_IBUF_BUFG |                                                                                                                                                            | MB/U0/microblaze_I/U0/MicroBlaze_Core_I/Area.Core/Decode_I/MSR_Rst                                                                            |                1 |              1 |
|  clk_IBUF_BUFG |                                                                                                                                                            | MB/U0/microblaze_I/U0/MicroBlaze_Core_I/Area.Core/Decode_I/Using_FPGA.New_Carry_MUXCY/Use_Async_Reset.sync_reset_reg                          |                1 |              1 |
|  clk_IBUF_BUFG | MB/U0/iomodule_0/U0/IOModule_Core_I1/FIT_I1/Implement_FIT.Using_SRL16s.SRL16s[1].Divide_I/One_SRL16.SRL16E_I/Clk_En_I_5                                    |                                                                                                                                               |                1 |              1 |
|  clk_IBUF_BUFG | MB/U0/iomodule_0/U0/IOModule_Core_I1/FIT_I1/Implement_FIT.Using_SRL16s.SRL16s[3].Divide_I/Clk_En_I_3                                                       |                                                                                                                                               |                1 |              1 |
|  clk_IBUF_BUFG | MB/U0/iomodule_0/U0/IOModule_Core_I1/FIT_I1/Implement_FIT.Using_SRL16s.SRL16s[2].Divide_I/Clk_En_I_4                                                       |                                                                                                                                               |                1 |              1 |
|  clk_IBUF_BUFG | MB/U0/iomodule_0/U0/IOModule_Core_I1/FIT_I1/Implement_FIT.Using_SRL16s.SRL16s[2].Divide_I/not_First.Out1_reg_n_0                                           |                                                                                                                                               |                1 |              1 |
|  clk_IBUF_BUFG | MB/U0/iomodule_0/U0/IOModule_Core_I1/FIT_I1/Implement_FIT.Using_SRL16s.SRL16s[4].Divide_I/Clk_En_I_2                                                       |                                                                                                                                               |                1 |              1 |
|  clk_IBUF_BUFG | MB/U0/iomodule_0/U0/IOModule_Core_I1/FIT_I1/Implement_FIT.Using_SRL16s.SRL16s[5].Divide_I/Clk_En_I_1                                                       |                                                                                                                                               |                1 |              1 |
|  clk_IBUF_BUFG |                                                                                                                                                            | MB/U0/microblaze_I/U0/MicroBlaze_Core_I/Area.Core/Decode_I/Using_FPGA.Using_Breakable_Pipe.Take_Intr_MUXCY_3/Use_Async_Reset.sync_reset_reg_0 |                1 |              1 |
|  clk_IBUF_BUFG | MB/U0/iomodule_0/U0/IOModule_Core_I1/Using_UART_TX.UART_TX_I1/TMR_No.FDRE_I/tx_Data_Enable                                                                 | MB/U0/rst_0/U0/peripheral_reset[0]                                                                                                            |                3 |              3 |
|  clk_IBUF_BUFG | MB/U0/iomodule_0/U0/IOModule_Core_I1/Using_UART.No_Dynamic_BaudRate.UART_FIT_I/Implement_FIT.Using_SRL16s.SRL16s[2].Divide_I/en_16x_baud                   |                                                                                                                                               |                1 |              3 |
|  clk_IBUF_BUFG |                                                                                                                                                            | MB/U0/iomodule_0/U0/IOModule_Core_I1/Using_UART.Uart_Control_Status_I1/UART_Status1                                                           |                1 |              4 |
|  clk_IBUF_BUFG |                                                                                                                                                            | MB/U0/rst_0/U0/bus_struct_reset[0]                                                                                                            |                1 |              4 |
|  clk_IBUF_BUFG |                                                                                                                                                            | MB/U0/microblaze_I/U0/MicroBlaze_Core_I/Area.Core/Decode_I/Using_FPGA.MUXCY_JUMP_CARRY3/S                                                     |                2 |              4 |
|  clk_IBUF_BUFG |                                                                                                                                                            | MB/U0/rst_0/U0/EXT_LPF/lpf_int                                                                                                                |                1 |              5 |
|  clk_IBUF_BUFG | MB/U0/microblaze_I/U0/MicroBlaze_Core_I/Area.Core/Decode_I/Using_FPGA.of_PipeRun_MuxCY_1/mul_Executing_reg                                                 | MB/U0/microblaze_I/U0/MicroBlaze_Core_I/Area.Core/Decode_I/Using_FPGA.of_PipeRun_MuxCY_1/SR[0]                                                |                2 |              5 |
|  clk_IBUF_BUFG | MB/U0/microblaze_I/U0/MicroBlaze_Core_I/Area.Core/Decode_I/Using_FPGA.of_PipeRun_MuxCY_1/E[0]                                                              |                                                                                                                                               |                1 |              5 |
|  clk_IBUF_BUFG | MB/U0/rst_0/U0/SEQ/seq_cnt_en                                                                                                                              | MB/U0/rst_0/U0/SEQ/SEQ_COUNTER/clear                                                                                                          |                1 |              6 |
|  clk_IBUF_BUFG | MB/U0/microblaze_I/U0/MicroBlaze_Core_I/Area.Core/Decode_I/Using_FPGA.of_PipeRun_MuxCY_1/mul_Executing_reg                                                 | MB/U0/microblaze_I/U0/MicroBlaze_Core_I/Area.Core/Decode_I/Using_FPGA.MUXCY_JUMP_CARRY3/R                                                     |                2 |              7 |
|  clk_IBUF_BUFG |                                                                                                                                                            | MB/U0/iomodule_0/U0/IOModule_Core_I1/Using_UART_RX.UART_RX_I1/RX_Data0                                                                        |                2 |              8 |
|  clk_IBUF_BUFG | MB/U0/iomodule_0/U0/IOModule_Core_I1/Using_UART_RX.UART_RX_I1/new_rx_data_write                                                                            | MB/U0/rst_0/U0/peripheral_reset[0]                                                                                                            |                1 |              8 |
|  clk_IBUF_BUFG | MB/U0/iomodule_0/U0/uart_tx_write                                                                                                                          | MB/U0/rst_0/U0/peripheral_reset[0]                                                                                                            |                2 |              8 |
|  clk_IBUF_BUFG | MB/U0/iomodule_0/U0/IOModule_Core_I1/Using_UART.No_Dynamic_BaudRate.UART_FIT_I/Implement_FIT.Using_SRL16s.SRL16s[2].Divide_I/en_16x_baud                   | MB/U0/iomodule_0/U0/IOModule_Core_I1/Using_UART_RX.UART_RX_I1/TMR_No.Mid_Start_Bit_SRL16/mid_Start_Bit                                        |                2 |              8 |
|  clk_IBUF_BUFG | octaves[2].voices[3].voice/PWM1/E[0]                                                                                                                       |                                                                                                                                               |                4 |              9 |
|  clk_IBUF_BUFG | octaves[1].voices[3].voice/PWM1/pwm_out_reg[0]_0                                                                                                           |                                                                                                                                               |                3 |              9 |
|  clk_IBUF_BUFG | octaves[1].voices[3].voice/PWM1/E[0]                                                                                                                       |                                                                                                                                               |                4 |              9 |
|  clk_IBUF_BUFG | octaves[2].voices[3].voice/PWM1/pwm_out_reg[0]_0                                                                                                           |                                                                                                                                               |                3 |              9 |
|  clk_IBUF_BUFG | octaves[3].voices[3].voice/PWM1/pwm_out_reg[0]_0                                                                                                           |                                                                                                                                               |                4 |              9 |
|  clk_IBUF_BUFG | octaves[3].voices[3].voice/PWM2/half_duty[0][11]_i_1__7_n_0                                                                                                |                                                                                                                                               |                4 |              9 |
|  clk_IBUF_BUFG | octaves[4].voices[3].voice/PWM1/pwm_out_reg[0]_0                                                                                                           |                                                                                                                                               |                3 |              9 |
|  clk_IBUF_BUFG | octaves[4].voices[3].voice/PWM2/half_duty[0][10]_i_1__1_n_0                                                                                                |                                                                                                                                               |                2 |              9 |
|  clk_IBUF_BUFG | octaves[0].voices[3].voice/PWM1/E[0]                                                                                                                       |                                                                                                                                               |                4 |             10 |
|  clk_IBUF_BUFG | octaves[0].voices[3].voice/PWM1/pwm_out_reg[0]_0                                                                                                           |                                                                                                                                               |                4 |             10 |
|  clk_IBUF_BUFG | octaves[4].voices[9].voice/PWM1/pwm_out_reg[0]_0                                                                                                           |                                                                                                                                               |                4 |             11 |
|  clk_IBUF_BUFG | octaves[4].voices[11].voice/PWM1/pwm_out_reg[0]_0                                                                                                          |                                                                                                                                               |                3 |             11 |
|  clk_IBUF_BUFG | octaves[4].voices[10].voice/PWM2/half_duty[0][10]_i_1_n_0                                                                                                  |                                                                                                                                               |                3 |             11 |
|  clk_IBUF_BUFG | octaves[4].voices[10].voice/PWM1/pwm_out_reg[0]_0                                                                                                          |                                                                                                                                               |                4 |             11 |
|  clk_IBUF_BUFG | octaves[4].voices[9].voice/PWM2/half_duty[0][10]_i_1__7_n_0                                                                                                |                                                                                                                                               |                5 |             11 |
|  clk_IBUF_BUFG | octaves[4].voices[6].voice/PWM1/pwm_out_reg[0]_0                                                                                                           |                                                                                                                                               |                3 |             11 |
|  clk_IBUF_BUFG | octaves[4].voices[5].voice/PWM2/half_duty[0][10]_i_1__3_n_0                                                                                                |                                                                                                                                               |                3 |             11 |
|  clk_IBUF_BUFG | octaves[4].voices[7].voice/PWM1/pwm_out_reg[0]_0                                                                                                           |                                                                                                                                               |                3 |             11 |
|  clk_IBUF_BUFG | octaves[4].voices[4].voice/PWM1/pwm_out_reg[0]_0                                                                                                           |                                                                                                                                               |                3 |             11 |
|  clk_IBUF_BUFG | octaves[4].voices[5].voice/PWM1/pwm_out_reg[0]_0                                                                                                           |                                                                                                                                               |                3 |             11 |
|  clk_IBUF_BUFG | octaves[4].voices[8].voice/PWM2/half_duty[0][10]_i_1__6_n_0                                                                                                |                                                                                                                                               |                2 |             11 |
|  clk_IBUF_BUFG | octaves[4].voices[11].voice/PWM2/half_duty[0][10]_i_1__0_n_0                                                                                               |                                                                                                                                               |                5 |             11 |
|  clk_IBUF_BUFG | octaves[4].voices[8].voice/PWM1/pwm_out_reg[0]_0                                                                                                           |                                                                                                                                               |                4 |             11 |
|  clk_IBUF_BUFG | octaves[4].voices[4].voice/PWM2/half_duty[0][10]_i_1__2_n_0                                                                                                |                                                                                                                                               |                2 |             11 |
|  clk_IBUF_BUFG | octaves[4].voices[7].voice/PWM2/half_duty[0][10]_i_1__5_n_0                                                                                                |                                                                                                                                               |                3 |             11 |
|  clk_IBUF_BUFG | octaves[4].voices[6].voice/PWM2/half_duty[0][10]_i_1__4_n_0                                                                                                |                                                                                                                                               |                2 |             11 |
|  clk_IBUF_BUFG | octaves[3].voices[6].voice/PWM1/pwm_out_reg[0]_0                                                                                                           |                                                                                                                                               |                3 |             12 |
|  clk_IBUF_BUFG | octaves[3].voices[6].voice/PWM2/half_duty[0][11]_i_1__4_n_0                                                                                                |                                                                                                                                               |                4 |             12 |
|  clk_IBUF_BUFG | octaves[3].voices[7].voice/PWM2/half_duty[0][11]_i_1__3_n_0                                                                                                |                                                                                                                                               |                4 |             12 |
|  clk_IBUF_BUFG | octaves[3].voices[4].voice/PWM1/pwm_out_reg[0]_0                                                                                                           |                                                                                                                                               |                4 |             12 |
|  clk_IBUF_BUFG | octaves[4].voices[2].voice/PWM1/pwm_out_reg[0]_0                                                                                                           |                                                                                                                                               |                4 |             12 |
|  clk_IBUF_BUFG | octaves[3].voices[8].voice/PWM1/pwm_out_reg[0]_0                                                                                                           |                                                                                                                                               |                4 |             12 |
|  clk_IBUF_BUFG | octaves[4].voices[0].voice/PWM2/half_duty[0][11]_i_1__8_n_0                                                                                                |                                                                                                                                               |                4 |             12 |
|  clk_IBUF_BUFG | octaves[3].voices[8].voice/PWM2/half_duty[0][11]_i_1__2_n_0                                                                                                |                                                                                                                                               |                3 |             12 |
|  clk_IBUF_BUFG | octaves[4].voices[1].voice/PWM1/pwm_out_reg[0]_0                                                                                                           |                                                                                                                                               |                5 |             12 |
|  clk_IBUF_BUFG | octaves[3].voices[9].voice/PWM1/pwm_out_reg[0]_0                                                                                                           |                                                                                                                                               |                4 |             12 |
|  clk_IBUF_BUFG | octaves[3].voices[4].voice/PWM2/half_duty[0][11]_i_1__6_n_0                                                                                                |                                                                                                                                               |                3 |             12 |
|  clk_IBUF_BUFG | octaves[3].voices[5].voice/PWM1/pwm_out_reg[0]_0                                                                                                           |                                                                                                                                               |                3 |             12 |
|  clk_IBUF_BUFG | octaves[3].voices[5].voice/PWM2/half_duty[0][11]_i_1__5_n_0                                                                                                |                                                                                                                                               |                5 |             12 |
|  clk_IBUF_BUFG | octaves[4].voices[1].voice/PWM2/half_duty[0][11]_i_1__9_n_0                                                                                                |                                                                                                                                               |                5 |             12 |
|  clk_IBUF_BUFG | octaves[3].voices[10].voice/PWM1/pwm_out_reg[0]_0                                                                                                          |                                                                                                                                               |                4 |             12 |
|  clk_IBUF_BUFG | octaves[3].voices[9].voice/PWM2/half_duty[0][11]_i_1__1_n_0                                                                                                |                                                                                                                                               |                3 |             12 |
|  clk_IBUF_BUFG | octaves[3].voices[10].voice/PWM2/half_duty[0][11]_i_1__0_n_0                                                                                               |                                                                                                                                               |                6 |             12 |
|  clk_IBUF_BUFG | octaves[3].voices[11].voice/PWM1/pwm_out_reg[0]_0                                                                                                          |                                                                                                                                               |                3 |             12 |
|  clk_IBUF_BUFG | octaves[3].voices[11].voice/PWM2/half_duty[0][11]_i_1_n_0                                                                                                  |                                                                                                                                               |                2 |             12 |
|  clk_IBUF_BUFG | octaves[3].voices[7].voice/PWM1/pwm_out_reg[0]_0                                                                                                           |                                                                                                                                               |                4 |             12 |
|  clk_IBUF_BUFG | octaves[4].voices[2].voice/PWM2/half_duty[0][11]_i_1__10_n_0                                                                                               |                                                                                                                                               |                4 |             12 |
|  clk_IBUF_BUFG | octaves[4].voices[0].voice/PWM1/pwm_out_reg[0]_0                                                                                                           |                                                                                                                                               |                3 |             12 |
|  clk_IBUF_BUFG |                                                                                                                                                            | octaves[4].voices[6].voice/PWM1/AR[0]                                                                                                         |                4 |             13 |
|  clk_IBUF_BUFG | octaves[2].voices[7].voice/PWM2/half_duty[0][12]_i_1__8_n_0                                                                                                |                                                                                                                                               |                4 |             13 |
|  clk_IBUF_BUFG | octaves[2].voices[8].voice/PWM1/pwm_out_reg[0]_0                                                                                                           |                                                                                                                                               |                4 |             13 |
|  clk_IBUF_BUFG | octaves[2].voices[8].voice/PWM2/half_duty[0][12]_i_1__7_n_0                                                                                                |                                                                                                                                               |                7 |             13 |
|  clk_IBUF_BUFG | octaves[2].voices[9].voice/PWM1/pwm_out_reg[0]_0                                                                                                           |                                                                                                                                               |                4 |             13 |
|  clk_IBUF_BUFG | octaves[2].voices[9].voice/PWM2/half_duty[0][12]_i_1__6_n_0                                                                                                |                                                                                                                                               |                5 |             13 |
|  clk_IBUF_BUFG | octaves[2].voices[10].voice/PWM1/pwm_out_reg[0]_0                                                                                                          |                                                                                                                                               |                4 |             13 |
|  clk_IBUF_BUFG | octaves[3].voices[1].voice/PWM1/pwm_out_reg[0]_0                                                                                                           |                                                                                                                                               |                5 |             13 |
|  clk_IBUF_BUFG | octaves[2].voices[10].voice/PWM2/half_duty[0][12]_i_1__5_n_0                                                                                               |                                                                                                                                               |                4 |             13 |
|  clk_IBUF_BUFG | octaves[2].voices[11].voice/PWM1/pwm_out_reg[0]_0                                                                                                          |                                                                                                                                               |                4 |             13 |
|  clk_IBUF_BUFG | octaves[2].voices[11].voice/PWM2/half_duty[0][12]_i_1__4_n_0                                                                                               |                                                                                                                                               |                4 |             13 |
|  clk_IBUF_BUFG | octaves[3].voices[0].voice/PWM1/pwm_out_reg[0]_0                                                                                                           |                                                                                                                                               |                4 |             13 |
|  clk_IBUF_BUFG | octaves[3].voices[0].voice/PWM1/E[0]                                                                                                                       |                                                                                                                                               |                4 |             13 |
|  clk_IBUF_BUFG | octaves[2].voices[7].voice/PWM1/pwm_out_reg[0]_0                                                                                                           |                                                                                                                                               |                4 |             13 |
|  clk_IBUF_BUFG | octaves[2].voices[5].voice/PWM2/half_duty[0][12]_i_1__10_n_0                                                                                               |                                                                                                                                               |                5 |             13 |
|  clk_IBUF_BUFG | octaves[2].voices[6].voice/PWM2/half_duty[0][12]_i_1__9_n_0                                                                                                |                                                                                                                                               |                4 |             13 |
|  clk_IBUF_BUFG | octaves[2].voices[4].voice/PWM1/pwm_out_reg[0]_0                                                                                                           |                                                                                                                                               |                4 |             13 |
|  clk_IBUF_BUFG | octaves[2].voices[4].voice/PWM2/half_duty[0][12]_i_1__11_n_0                                                                                               |                                                                                                                                               |                6 |             13 |
|  clk_IBUF_BUFG | octaves[2].voices[5].voice/PWM1/pwm_out_reg[0]_0                                                                                                           |                                                                                                                                               |                4 |             13 |
|  clk_IBUF_BUFG | octaves[2].voices[1].voice/PWM1/pwm_out_reg[0]_0                                                                                                           |                                                                                                                                               |                4 |             13 |
|  clk_IBUF_BUFG | octaves[2].voices[1].voice/PWM2/half_duty[0][13]_i_1__11_n_0                                                                                               |                                                                                                                                               |                5 |             13 |
|  clk_IBUF_BUFG | octaves[3].voices[1].voice/PWM2/half_duty[0][12]_i_1__3_n_0                                                                                                |                                                                                                                                               |                4 |             13 |
|  clk_IBUF_BUFG | octaves[3].voices[2].voice/PWM1/pwm_out_reg[0]_0                                                                                                           |                                                                                                                                               |                4 |             13 |
|  clk_IBUF_BUFG | octaves[3].voices[2].voice/PWM2/half_duty[0][12]_i_1__2_n_0                                                                                                |                                                                                                                                               |                5 |             13 |
|  clk_IBUF_BUFG | MB/U0/microblaze_I/U0/MicroBlaze_Core_I/Area.Core/Decode_I/Using_FPGA.MUXCY_JUMP_CARRY3/PC_Write                                                           | MB/U0/microblaze_I/U0/MicroBlaze_Core_I/sync_reset                                                                                            |                3 |             13 |
|  clk_IBUF_BUFG |                                                                                                                                                            | octaves[4].voices[3].voice/PWM1/AR[0]                                                                                                         |                4 |             13 |
|  clk_IBUF_BUFG |                                                                                                                                                            | octaves[4].voices[4].voice/PWM1/AR[0]                                                                                                         |                4 |             13 |
|  clk_IBUF_BUFG |                                                                                                                                                            | octaves[4].voices[5].voice/PWM1/AR[0]                                                                                                         |                4 |             13 |
|  clk_IBUF_BUFG |                                                                                                                                                            | octaves[4].voices[7].voice/PWM1/AR[0]                                                                                                         |                3 |             13 |
|  clk_IBUF_BUFG |                                                                                                                                                            | octaves[4].voices[8].voice/PWM1/AR[0]                                                                                                         |                3 |             13 |
|  clk_IBUF_BUFG |                                                                                                                                                            | octaves[4].voices[9].voice/PWM1/AR[0]                                                                                                         |                3 |             13 |
|  clk_IBUF_BUFG |                                                                                                                                                            | octaves[4].voices[10].voice/PWM1/AR[0]                                                                                                        |                4 |             13 |
|  clk_IBUF_BUFG |                                                                                                                                                            | octaves[4].voices[11].voice/PWM1/AR[0]                                                                                                        |                4 |             13 |
|  clk_IBUF_BUFG | octaves[2].voices[6].voice/PWM1/pwm_out_reg[0]_0                                                                                                           |                                                                                                                                               |                4 |             13 |
|  clk_IBUF_BUFG | octaves[1].voices[8].voice/PWM1/E[0]                                                                                                                       |                                                                                                                                               |                5 |             14 |
|  clk_IBUF_BUFG | octaves[1].voices[4].voice/PWM2/half_duty[0][13]_i_1__17_n_0                                                                                               |                                                                                                                                               |                5 |             14 |
|  clk_IBUF_BUFG | octaves[1].voices[5].voice/PWM1/pwm_out_reg[0]_0                                                                                                           |                                                                                                                                               |                4 |             14 |
|  clk_IBUF_BUFG | octaves[1].voices[6].voice/PWM1/pwm_out_reg[0]_0                                                                                                           |                                                                                                                                               |                4 |             14 |
|  clk_IBUF_BUFG |                                                                                                                                                            | octaves[4].voices[2].voice/PWM1/AR[0]                                                                                                         |                5 |             14 |
|  clk_IBUF_BUFG | octaves[1].voices[9].voice/PWM1/pwm_out_reg[0]_0                                                                                                           |                                                                                                                                               |                4 |             14 |
|  clk_IBUF_BUFG | octaves[1].voices[9].voice/PWM2/half_duty[0][13]_i_1__14_n_0                                                                                               |                                                                                                                                               |                5 |             14 |
|  clk_IBUF_BUFG | octaves[1].voices[10].voice/PWM1/pwm_out_reg[0]_0                                                                                                          |                                                                                                                                               |                4 |             14 |
|  clk_IBUF_BUFG | octaves[1].voices[10].voice/PWM2/half_duty[0][13]_i_1__13_n_0                                                                                              |                                                                                                                                               |                5 |             14 |
|  clk_IBUF_BUFG | octaves[1].voices[5].voice/PWM2/half_duty[0][13]_i_1__16_n_0                                                                                               |                                                                                                                                               |                7 |             14 |
|  clk_IBUF_BUFG | octaves[2].voices[2].voice/PWM1/E[0]                                                                                                                       |                                                                                                                                               |                6 |             14 |
|  clk_IBUF_BUFG | octaves[2].voices[0].voice/PWM1/pwm_out_reg[0]_0                                                                                                           |                                                                                                                                               |                4 |             14 |
|  clk_IBUF_BUFG | octaves[1].voices[11].voice/PWM1/E[0]                                                                                                                      |                                                                                                                                               |                5 |             14 |
|  clk_IBUF_BUFG | octaves[2].voices[0].voice/PWM2/half_duty[0][13]_i_1__12_n_0                                                                                               |                                                                                                                                               |                5 |             14 |
|  clk_IBUF_BUFG | octaves[1].voices[6].voice/PWM2/half_duty[0][13]_i_1__15_n_0                                                                                               |                                                                                                                                               |                5 |             14 |
|  clk_IBUF_BUFG | octaves[1].voices[4].voice/PWM1/pwm_out_reg[0]_0                                                                                                           |                                                                                                                                               |                4 |             14 |
|  clk_IBUF_BUFG | octaves[2].voices[2].voice/PWM1/pwm_out_reg[0]_0                                                                                                           |                                                                                                                                               |                4 |             14 |
|  clk_IBUF_BUFG |                                                                                                                                                            | octaves[4].voices[0].voice/PWM1/AR[0]                                                                                                         |                5 |             14 |
|  clk_IBUF_BUFG |                                                                                                                                                            | octaves[4].voices[1].voice/PWM1/AR[0]                                                                                                         |                5 |             14 |
|  clk_IBUF_BUFG |                                                                                                                                                            | octaves[3].voices[11].voice/PWM1/AR[0]                                                                                                        |                8 |             14 |
|  clk_IBUF_BUFG |                                                                                                                                                            | octaves[3].voices[10].voice/PWM1/AR[0]                                                                                                        |                6 |             14 |
|  clk_IBUF_BUFG |                                                                                                                                                            | octaves[3].voices[9].voice/PWM1/AR[0]                                                                                                         |                5 |             14 |
|  clk_IBUF_BUFG |                                                                                                                                                            | octaves[3].voices[8].voice/PWM1/AR[0]                                                                                                         |                5 |             14 |
|  clk_IBUF_BUFG |                                                                                                                                                            | octaves[3].voices[7].voice/PWM1/AR[0]                                                                                                         |                6 |             14 |
|  clk_IBUF_BUFG | octaves[1].voices[8].voice/PWM1/pwm_out_reg[0]_0                                                                                                           |                                                                                                                                               |                4 |             14 |
|  clk_IBUF_BUFG | octaves[1].voices[7].voice/PWM1/pwm_out_reg[0]_0                                                                                                           |                                                                                                                                               |                4 |             14 |
|  clk_IBUF_BUFG | octaves[1].voices[11].voice/PWM1/pwm_out_reg[0]_0                                                                                                          |                                                                                                                                               |                4 |             14 |
|  clk_IBUF_BUFG |                                                                                                                                                            | octaves[3].voices[6].voice/PWM1/AR[0]                                                                                                         |                6 |             14 |
|  clk_IBUF_BUFG |                                                                                                                                                            | octaves[3].voices[5].voice/PWM1/AR[0]                                                                                                         |                5 |             14 |
|  clk_IBUF_BUFG |                                                                                                                                                            | octaves[3].voices[4].voice/PWM1/AR[0]                                                                                                         |                5 |             14 |
|  clk_IBUF_BUFG | octaves[1].voices[7].voice/PWM1/E[0]                                                                                                                       |                                                                                                                                               |                5 |             14 |
|  clk_IBUF_BUFG |                                                                                                                                                            | octaves[3].voices[3].voice/PWM1/AR[0]                                                                                                         |                5 |             14 |
|  clk_IBUF_BUFG | octaves[0].voices[6].voice/PWM2/half_duty[0][14]_i_1__20_n_0                                                                                               |                                                                                                                                               |                5 |             15 |
|  clk_IBUF_BUFG | octaves[0].voices[6].voice/PWM1/pwm_out_reg[0]_0                                                                                                           |                                                                                                                                               |                4 |             15 |
|  clk_IBUF_BUFG | octaves[1].voices[0].voice/PWM1/E[0]                                                                                                                       |                                                                                                                                               |                3 |             15 |
|  clk_IBUF_BUFG | octaves[0].voices[11].voice/PWM2/half_duty[0][14]_i_1__12_n_0                                                                                              |                                                                                                                                               |                4 |             15 |
|  clk_IBUF_BUFG | octaves[0].voices[9].voice/PWM2/half_duty[0][14]_i_1__17_n_0                                                                                               |                                                                                                                                               |                5 |             15 |
|  clk_IBUF_BUFG | octaves[0].voices[11].voice/PWM1/pwm_out_reg[0]_0                                                                                                          |                                                                                                                                               |                4 |             15 |
|  clk_IBUF_BUFG | octaves[0].voices[5].voice/PWM1/pwm_out_reg[0]_0                                                                                                           |                                                                                                                                               |                4 |             15 |
|  clk_IBUF_BUFG | octaves[0].voices[5].voice/PWM2/half_duty[0][14]_i_1__21_n_0                                                                                               |                                                                                                                                               |                5 |             15 |
|  clk_IBUF_BUFG |                                                                                                                                                            | octaves[2].voices[8].voice/PWM1/AR[0]                                                                                                         |                3 |             15 |
|  clk_IBUF_BUFG |                                                                                                                                                            | octaves[2].voices[9].voice/PWM1/AR[0]                                                                                                         |                4 |             15 |
|  clk_IBUF_BUFG |                                                                                                                                                            | octaves[2].voices[10].voice/PWM1/AR[0]                                                                                                        |                4 |             15 |
|  clk_IBUF_BUFG |                                                                                                                                                            | octaves[3].voices[1].voice/PWM1/AR[0]                                                                                                         |                5 |             15 |
|  clk_IBUF_BUFG |                                                                                                                                                            | octaves[2].voices[11].voice/PWM1/AR[0]                                                                                                        |                3 |             15 |
|  clk_IBUF_BUFG |                                                                                                                                                            | octaves[3].voices[0].voice/PWM1/AR[0]                                                                                                         |                6 |             15 |
|  clk_IBUF_BUFG |                                                                                                                                                            | octaves[2].voices[6].voice/PWM1/AR[0]                                                                                                         |                5 |             15 |
|  clk_IBUF_BUFG | octaves[1].voices[1].voice/PWM1/pwm_out_reg[0]_0                                                                                                           |                                                                                                                                               |                4 |             15 |
|  clk_IBUF_BUFG | octaves[0].voices[4].voice/PWM1/pwm_out_reg[0]_0                                                                                                           |                                                                                                                                               |                4 |             15 |
|  clk_IBUF_BUFG | octaves[0].voices[4].voice/PWM2/half_duty[0][14]_i_1__22_n_0                                                                                               |                                                                                                                                               |                4 |             15 |
|  clk_IBUF_BUFG | octaves[1].voices[0].voice/PWM1/pwm_out_reg[0]_0                                                                                                           |                                                                                                                                               |                4 |             15 |
|  clk_IBUF_BUFG | octaves[1].voices[1].voice/PWM1/E[0]                                                                                                                       |                                                                                                                                               |                5 |             15 |
|  clk_IBUF_BUFG |                                                                                                                                                            | octaves[2].voices[7].voice/PWM1/AR[0]                                                                                                         |                4 |             15 |
|  clk_IBUF_BUFG | octaves[1].voices[2].voice/PWM1/pwm_out_reg[0]_0                                                                                                           |                                                                                                                                               |                5 |             15 |
|  clk_IBUF_BUFG |                                                                                                                                                            | octaves[3].voices[2].voice/PWM1/AR[0]                                                                                                         |                4 |             15 |
|  clk_IBUF_BUFG | octaves[0].voices[7].voice/PWM1/pwm_out_reg[0]_0                                                                                                           |                                                                                                                                               |                5 |             15 |
|  clk_IBUF_BUFG | octaves[0].voices[7].voice/PWM2/half_duty[0][14]_i_1__19_n_0                                                                                               |                                                                                                                                               |                6 |             15 |
|  clk_IBUF_BUFG | octaves[0].voices[8].voice/PWM1/pwm_out_reg[0]_0                                                                                                           |                                                                                                                                               |                5 |             15 |
|  clk_IBUF_BUFG | octaves[0].voices[9].voice/PWM1/pwm_out_reg[0]_0                                                                                                           |                                                                                                                                               |                4 |             15 |
|  clk_IBUF_BUFG | octaves[0].voices[8].voice/PWM2/half_duty[0][14]_i_1__18_n_0                                                                                               |                                                                                                                                               |                6 |             15 |
|  clk_IBUF_BUFG | octaves[0].voices[10].voice/PWM1/pwm_out_reg[0]_0                                                                                                          |                                                                                                                                               |                4 |             15 |
|  clk_IBUF_BUFG | octaves[0].voices[10].voice/PWM2/half_duty[0][14]_i_1__11_n_0                                                                                              |                                                                                                                                               |                5 |             15 |
|  clk_IBUF_BUFG | octaves[1].voices[2].voice/PWM1/E[0]                                                                                                                       |                                                                                                                                               |                5 |             15 |
|  clk_IBUF_BUFG |                                                                                                                                                            | octaves[2].voices[5].voice/PWM1/AR[0]                                                                                                         |                4 |             15 |
|  clk_IBUF_BUFG |                                                                                                                                                            | octaves[2].voices[4].voice/PWM1/AR[0]                                                                                                         |                3 |             15 |
|  clk_IBUF_BUFG |                                                                                                                                                            | octaves[2].voices[3].voice/PWM1/AR[0]                                                                                                         |                3 |             15 |
|  clk_IBUF_BUFG | octaves[0].voices[2].voice/PWM1/E[0]                                                                                                                       |                                                                                                                                               |                6 |             16 |
|  clk_IBUF_BUFG | octaves[0].voices[2].voice/PWM1/pwm_out_reg[0]_0                                                                                                           |                                                                                                                                               |                5 |             16 |
|  clk_IBUF_BUFG |                                                                                                                                                            | octaves[1].voices[9].voice/PWM1/AR[0]                                                                                                         |                5 |             16 |
|  clk_IBUF_BUFG |                                                                                                                                                            | octaves[2].voices[1].voice/PWM1/AR[0]                                                                                                         |                4 |             16 |
|  clk_IBUF_BUFG |                                                                                                                                                            | octaves[2].voices[0].voice/PWM1/AR[0]                                                                                                         |                4 |             16 |
|  clk_IBUF_BUFG |                                                                                                                                                            | octaves[1].voices[10].voice/PWM1/AR[0]                                                                                                        |                5 |             16 |
|  clk_IBUF_BUFG |                                                                                                                                                            | octaves[1].voices[11].voice/PWM1/AR[0]                                                                                                        |                4 |             16 |
|  clk_IBUF_BUFG |                                                                                                                                                            | octaves[1].voices[7].voice/PWM1/AR[0]                                                                                                         |                5 |             16 |
|  clk_IBUF_BUFG |                                                                                                                                                            | octaves[1].voices[8].voice/PWM1/AR[0]                                                                                                         |                5 |             16 |
|  clk_IBUF_BUFG |                                                                                                                                                            | octaves[1].voices[3].voice/PWM1/AR[0]                                                                                                         |                4 |             16 |
|  clk_IBUF_BUFG | octaves[0].voices[1].voice/PWM2/half_duty[0][15]_i_1__12_n_0                                                                                               |                                                                                                                                               |                6 |             16 |
|  clk_IBUF_BUFG |                                                                                                                                                            | octaves[1].voices[4].voice/PWM1/AR[0]                                                                                                         |                5 |             16 |
|  clk_IBUF_BUFG |                                                                                                                                                            | octaves[1].voices[5].voice/PWM1/AR[0]                                                                                                         |                5 |             16 |
|  clk_IBUF_BUFG | MB/U0/microblaze_I/U0/MicroBlaze_Core_I/Area.Core/Decode_I/PreFetch_Buffer_I/of_valid_FDR_I/E[0]                                                           | MB/U0/microblaze_I/U0/MicroBlaze_Core_I/sync_reset                                                                                            |                9 |             16 |
|  clk_IBUF_BUFG |                                                                                                                                                            | octaves[1].voices[6].voice/PWM1/AR[0]                                                                                                         |                5 |             16 |
|  clk_IBUF_BUFG |                                                                                                                                                            | octaves[2].voices[2].voice/PWM1/AR[0]                                                                                                         |                4 |             16 |
|  clk_IBUF_BUFG | octaves[0].voices[1].voice/PWM1/pwm_out_reg[0]_0                                                                                                           |                                                                                                                                               |                4 |             16 |
|  clk_IBUF_BUFG | octaves[0].voices[0].voice/PWM1/pwm_out_reg[0]_0                                                                                                           |                                                                                                                                               |                5 |             16 |
|  clk_IBUF_BUFG | octaves[0].voices[0].voice/PWM1/E[0]                                                                                                                       |                                                                                                                                               |                6 |             16 |
|  clk_IBUF_BUFG |                                                                                                                                                            | octaves[0].voices[8].voice/PWM1/AR[0]                                                                                                         |                6 |             17 |
|  clk_IBUF_BUFG |                                                                                                                                                            | octaves[0].voices[7].voice/PWM1/AR[0]                                                                                                         |                5 |             17 |
|  clk_IBUF_BUFG |                                                                                                                                                            | octaves[0].voices[9].voice/PWM1/AR[0]                                                                                                         |                5 |             17 |
|  clk_IBUF_BUFG |                                                                                                                                                            | octaves[0].voices[6].voice/PWM1/AR[0]                                                                                                         |                6 |             17 |
|  clk_IBUF_BUFG |                                                                                                                                                            | octaves[1].voices[2].voice/PWM1/AR[0]                                                                                                         |                6 |             17 |
|  clk_IBUF_BUFG |                                                                                                                                                            | octaves[1].voices[1].voice/PWM1/AR[0]                                                                                                         |                5 |             17 |
|  clk_IBUF_BUFG |                                                                                                                                                            | octaves[0].voices[3].voice/PWM1/AR[0]                                                                                                         |                5 |             17 |
|  clk_IBUF_BUFG |                                                                                                                                                            | octaves[1].voices[0].voice/PWM1/AR[0]                                                                                                         |                4 |             17 |
|  clk_IBUF_BUFG |                                                                                                                                                            | octaves[0].voices[11].voice/PWM1/AR[0]                                                                                                        |                7 |             17 |
|  clk_IBUF_BUFG |                                                                                                                                                            | MB/U0/microblaze_I/U0/MicroBlaze_Core_I/sync_reset                                                                                            |                8 |             17 |
|  clk_IBUF_BUFG |                                                                                                                                                            | octaves[0].voices[10].voice/PWM1/AR[0]                                                                                                        |                8 |             17 |
|  clk_IBUF_BUFG |                                                                                                                                                            | octaves[0].voices[5].voice/PWM1/AR[0]                                                                                                         |                6 |             17 |
|  clk_IBUF_BUFG |                                                                                                                                                            | octaves[0].voices[4].voice/PWM1/AR[0]                                                                                                         |                7 |             17 |
|  clk_IBUF_BUFG |                                                                                                                                                            | octaves[0].voices[0].voice/PWM1/AR[0]                                                                                                         |                5 |             18 |
|  clk_IBUF_BUFG |                                                                                                                                                            | octaves[0].voices[2].voice/PWM1/AR[0]                                                                                                         |                5 |             18 |
|  clk_IBUF_BUFG |                                                                                                                                                            | octaves[0].voices[1].voice/PWM1/AR[0]                                                                                                         |                4 |             18 |
|  clk_IBUF_BUFG |                                                                                                                                                            | MB/U0/rst_0/U0/peripheral_reset[0]                                                                                                            |                7 |             22 |
|  clk_IBUF_BUFG | MB/U0/iomodule_0/U0/IOModule_Core_I1/intr_ctrl_I1/intc_write_civar                                                                                         |                                                                                                                                               |                3 |             24 |
|  clk_IBUF_BUFG | MB/U0/microblaze_I/U0/MicroBlaze_Core_I/Area.Core/Decode_I/Using_FPGA.of_PipeRun_MuxCY_1/mul_Executing_reg                                                 |                                                                                                                                               |               24 |             32 |
|  clk_IBUF_BUFG | MB/U0/microblaze_I/U0/MicroBlaze_Core_I/Area.Core/Decode_I/Using_FPGA.clean_iReady_MuxCY/IReady                                                            |                                                                                                                                               |               12 |             45 |
|  clk_IBUF_BUFG | MB/U0/iomodule_0/U0/IOModule_Core_I1/GPO_I1/gpo1_write                                                                                                     | MB/U0/rst_0/U0/peripheral_reset[0]                                                                                                            |               19 |             48 |
|  clk_IBUF_BUFG | MB/U0/microblaze_I/U0/MicroBlaze_Core_I/Area.Core/Decode_I/Using_FPGA.of_PipeRun_MuxCY_1/mul_Executing_reg                                                 | MB/U0/microblaze_I/U0/MicroBlaze_Core_I/sync_reset                                                                                            |               32 |             86 |
|  clk_IBUF_BUFG | MB/U0/microblaze_I/U0/MicroBlaze_Core_I/Area.Core/Decode_I/Reg_Write                                                                                       |                                                                                                                                               |               32 |            128 |
|  clk_IBUF_BUFG |                                                                                                                                                            |                                                                                                                                               |              407 |           1309 |
+----------------+------------------------------------------------------------------------------------------------------------------------------------------------------------+-----------------------------------------------------------------------------------------------------------------------------------------------+------------------+----------------+


